1372551105
602
814
192
862654984
823890950
6830
4
29
1822652015
883283695
938694569
627342125
191147996
73225217
717
90
1277696706
2
857019290
80
9
1398355466
959650591
1880626597
925714862
826448217
1667372994
28
1355628139
1499761
998276181
2844
1671689887
3070475670
1865311275
8140772
870
972480033
1004764716
8416565
80091
823838604
1677926639
1503337274
863660244
1675004274
3686
8115869
3785
15943798480
4445055906
15626377705
2320671320
14480966037
4321611173
19317143811
14110718493
14552452601
11472702909
21160560639
15599159858
24465454063
7321934647
10087573019
18813634808
6670392967
21904917803
4097389286
6693547244
8919633331
3272855215
4335738766
2309796233
6450513941
7490176235
4359558456
4760750367
16576867760
50813941
17820792830
14850292103
8843734957
10338390712
8203492555
2634633274
21156947035
10153473665
14284731013
17939744170
9539215774
3417294923
10754241761
18554895559
6459774664
11582097128
6013936161
15811337309
18383672173
8618324886
